11:55:52.585 | V |                      | ArgumentsFromParametersFile.OnBuildCreated (150)
11:55:52.592 | V |                      | HandleReSharperSurrogateArguments.OnBuildCreated (150)
11:55:52.593 | V |                      | InjectParameterValues.OnBuildCreated (100)
11:55:52.604 | V |                      | HandleShellCompletion.OnBuildCreated (75)
11:55:52.782 | V |                      | GenerateBuildServerConfigurations.OnBuildCreated (50)
11:55:52.782 | V |                      | InvokeBuildServerConfigurationGeneration.OnBuildCreated (45)
11:55:52.789 | V |                      | UpdateNotification.OnBuildCreated (10)
11:55:52.789 | V |                      | UnsetVisualStudioEnvironmentVariables.OnBuildCreated (0)
11:55:52.790 | V |                      | HandleVisualStudioDebugging.OnBuildCreated (0)
11:55:52.790 | V |                      | EventInvoker.OnBuildCreated (-3.4028235E+38)
11:55:52.798 | V |                      | HandlePlanRequests.OnBuildInitialized (10)
11:55:52.798 | V |                      | HandleHelpRequests.OnBuildInitialized (5)
11:55:52.798 | V |                      | Telemetry.OnBuildInitialized (0)
11:55:52.981 | V |                      | InjectNonParameterValues.OnBuildInitialized (-100)
11:55:53.003 | V |                      | EventInvoker.OnBuildInitialized (-3.4028235E+38)
11:55:53.007 | V | Restore              | EventInvoker.OnTargetRunning (-3.4028235E+38)
11:55:53.070 | I | Restore              | > /usr/local/share/dotnet/dotnet restore /Users/tteogi/work/PrivateProject/TrackableDataNew/TrackableData/TrackableData.slnx
11:55:53.073 | V | Restore              | @ /Users/tteogi/work/PrivateProject/TrackableDataNew/TrackableData
11:55:54.002 | D | Restore              |   Determining projects to restore...
11:55:54.599 | D | Restore              |   All projects are up-to-date for restore.
11:55:54.627 | V | Restore              | Telemetry.OnTargetSucceeded (0)
11:55:54.627 | V | Restore              | EventInvoker.OnTargetSucceeded (-3.4028235E+38)
11:55:54.627 | V | Compile              | EventInvoker.OnTargetRunning (-3.4028235E+38)
11:55:54.671 | I | Compile              | > /usr/local/share/dotnet/dotnet build /Users/tteogi/work/PrivateProject/TrackableDataNew/TrackableData/TrackableData.slnx --configuration Debug --no-restore
11:55:54.672 | V | Compile              | @ /Users/tteogi/work/PrivateProject/TrackableDataNew/TrackableData
11:55:55.297 | D | Compile              |   _build -> /Users/tteogi/work/PrivateProject/TrackableDataNew/TrackableData/_build/bin/Debug/_build.dll
11:55:55.416 | D | Compile              |   TrackableData.TestUtils -> /Users/tteogi/work/PrivateProject/TrackableDataNew/TrackableData/tests/TrackableData.TestUtils/bin/Debug/net10.0/TrackableData.TestUtils.dll
11:55:55.419 | D | Compile              |   TrackableData.Generator -> /Users/tteogi/work/PrivateProject/TrackableDataNew/TrackableData/src/TrackableData.Generator/bin/Debug/netstandard2.1/TrackableData.Generator.dll
11:55:55.440 | D | Compile              |   TrackableData.Core -> /Users/tteogi/work/PrivateProject/TrackableDataNew/TrackableData/src/TrackableData.Core/bin/Debug/netstandard2.1/TrackableData.Core.dll
11:55:55.453 | D | Compile              |   TrackableData.Core -> /Users/tteogi/work/PrivateProject/TrackableDataNew/TrackableData/src/TrackableData.Core/bin/Debug/net10.0/TrackableData.Core.dll
11:55:55.627 | D | Compile              |   TrackableData.MongoDB -> /Users/tteogi/work/PrivateProject/TrackableDataNew/TrackableData/src/TrackableData.MongoDB/bin/Debug/net10.0/TrackableData.MongoDB.dll
11:55:55.765 | D | Compile              |   TrackableData.PostgreSql -> /Users/tteogi/work/PrivateProject/TrackableDataNew/TrackableData/src/TrackableData.PostgreSql/bin/Debug/net10.0/TrackableData.PostgreSql.dll
11:55:55.796 | D | Compile              |   TrackableData.MemoryPack -> /Users/tteogi/work/PrivateProject/TrackableDataNew/TrackableData/src/TrackableData.MemoryPack/bin/Debug/net10.0/TrackableData.MemoryPack.dll
11:55:55.859 | D | Compile              |   TrackableData.MemoryPack -> /Users/tteogi/work/PrivateProject/TrackableDataNew/TrackableData/src/TrackableData.MemoryPack/bin/Debug/netstandard2.1/TrackableData.MemoryPack.dll
11:55:55.912 | D | Compile              |   TrackableData.Generator.Tests -> /Users/tteogi/work/PrivateProject/TrackableDataNew/TrackableData/tests/TrackableData.Generator.Tests/bin/Debug/net10.0/TrackableData.Generator.Tests.dll
11:55:55.922 | D | Compile              |   TrackableData.Tests -> /Users/tteogi/work/PrivateProject/TrackableDataNew/TrackableData/tests/TrackableData.Tests/bin/Debug/net10.0/TrackableData.Tests.dll
11:55:55.997 | D | Compile              |   TrackableData.MongoDB.Tests -> /Users/tteogi/work/PrivateProject/TrackableDataNew/TrackableData/tests/TrackableData.MongoDB.Tests/bin/Debug/net10.0/TrackableData.MongoDB.Tests.dll
11:55:56.055 | D | Compile              |   TrackableData.PostgreSql.Tests -> /Users/tteogi/work/PrivateProject/TrackableDataNew/TrackableData/tests/TrackableData.PostgreSql.Tests/bin/Debug/net10.0/TrackableData.PostgreSql.Tests.dll
11:55:56.081 | D | Compile              |   TrackableData.MemoryPack.Tests -> /Users/tteogi/work/PrivateProject/TrackableDataNew/TrackableData/tests/TrackableData.MemoryPack.Tests/bin/Debug/net10.0/TrackableData.MemoryPack.Tests.dll
11:55:56.107 | D | Compile              | 
11:55:56.107 | D | Compile              | Build succeeded.
11:55:56.107 | D | Compile              |     0 Warning(s)
11:55:56.107 | D | Compile              |     0 Error(s)
11:55:56.107 | D | Compile              | 
11:55:56.107 | D | Compile              | Time Elapsed 00:00:01.29
11:55:56.126 | V | Compile              | Telemetry.OnTargetSucceeded (0)
11:55:56.126 | V | Compile              | EventInvoker.OnTargetSucceeded (-3.4028235E+38)
11:55:56.126 | V | Test                 | EventInvoker.OnTargetRunning (-3.4028235E+38)
11:55:56.161 | I | Test                 | > /usr/local/share/dotnet/dotnet test /Users/tteogi/work/PrivateProject/TrackableDataNew/TrackableData/TrackableData.slnx --configuration Debug --no-restore --no-build --filter FullyQualifiedName~TrackableData.Tests|FullyQualifiedName~Generator.Tests|FullyQualifiedName~MemoryPack.Tests
11:55:56.161 | V | Test                 | @ /Users/tteogi/work/PrivateProject/TrackableDataNew/TrackableData
11:55:57.240 | D | Test                 | Test run for /Users/tteogi/work/PrivateProject/TrackableDataNew/TrackableData/tests/TrackableData.Tests/bin/Debug/net10.0/TrackableData.Tests.dll (.NETCoreApp,Version=v10.0)
11:55:57.243 | D | Test                 | Test run for /Users/tteogi/work/PrivateProject/TrackableDataNew/TrackableData/tests/TrackableData.Generator.Tests/bin/Debug/net10.0/TrackableData.Generator.Tests.dll (.NETCoreApp,Version=v10.0)
11:55:57.245 | D | Test                 | Test run for /Users/tteogi/work/PrivateProject/TrackableDataNew/TrackableData/tests/TrackableData.MongoDB.Tests/bin/Debug/net10.0/TrackableData.MongoDB.Tests.dll (.NETCoreApp,Version=v10.0)
11:55:57.299 | D | Test                 | Test run for /Users/tteogi/work/PrivateProject/TrackableDataNew/TrackableData/tests/TrackableData.PostgreSql.Tests/bin/Debug/net10.0/TrackableData.PostgreSql.Tests.dll (.NETCoreApp,Version=v10.0)
11:55:57.325 | D | Test                 | Test run for /Users/tteogi/work/PrivateProject/TrackableDataNew/TrackableData/tests/TrackableData.MemoryPack.Tests/bin/Debug/net10.0/TrackableData.MemoryPack.Tests.dll (.NETCoreApp,Version=v10.0)
11:55:57.435 | D | Test                 | A total of 1 test files matched the specified pattern.
11:55:57.468 | D | Test                 | A total of 1 test files matched the specified pattern.
11:55:57.468 | D | Test                 | A total of 1 test files matched the specified pattern.
11:55:57.503 | D | Test                 | A total of 1 test files matched the specified pattern.
11:55:57.514 | D | Test                 | A total of 1 test files matched the specified pattern.
11:55:58.102 | D | Test                 | No test matches the given testcase filter `FullyQualifiedName~TrackableData.Tests|FullyQualifiedName~Generator.Tests|FullyQualifiedName~MemoryPack.Tests` in /Users/tteogi/work/PrivateProject/TrackableDataNew/TrackableData/tests/TrackableData.MongoDB.Tests/bin/Debug/net10.0/TrackableData.MongoDB.Tests.dll
11:55:58.177 | D | Test                 | 
11:55:58.203 | D | Test                 | No test matches the given testcase filter `FullyQualifiedName~TrackableData.Tests|FullyQualifiedName~Generator.Tests|FullyQualifiedName~MemoryPack.Tests` in /Users/tteogi/work/PrivateProject/TrackableDataNew/TrackableData/tests/TrackableData.PostgreSql.Tests/bin/Debug/net10.0/TrackableData.PostgreSql.Tests.dll
11:55:58.266 | D | Test                 | 
11:55:58.276 | D | Test                 | 
11:55:58.281 | D | Test                 | 
11:55:58.283 | D | Test                 | Passed!  - Failed:     0, Passed:    18, Skipped:     0, Total:    18, Duration: 59 ms - TrackableData.Generator.Tests.dll (net10.0)
11:55:58.283 | D | Test                 | Passed!  - Failed:     0, Passed:    67, Skipped:     0, Total:    67, Duration: 56 ms - TrackableData.Tests.dll (net10.0)
11:55:58.338 | D | Test                 | 
11:55:58.339 | D | Test                 | Passed!  - Failed:     0, Passed:     9, Skipped:     0, Total:     9, Duration: 63 ms - TrackableData.MemoryPack.Tests.dll (net10.0)
11:55:58.393 | V | Test                 | Telemetry.OnTargetSucceeded (0)
11:55:58.393 | V | Test                 | EventInvoker.OnTargetSucceeded (-3.4028235E+38)
11:55:58.395 | V |                      | UpdateNotification.OnBuildFinished (10)
11:55:58.395 | V |                      | SerializeBuildServerState.OnBuildFinished (0)
11:55:58.395 | V |                      | EventInvoker.OnBuildFinished (-3.4028235E+38)
